[5c8d6663e6d4d.site123.me/index.html]
[backblue.gif]
[fade.gif]
[index.html]
[5c8d6663e6d4d.site123.me/rss.xml]
[5c8d6663e6d4d.site123.me/about-me.html]
[5c8d6663e6d4d.site123.me/portfolio.html]
[5c8d6663e6d4d.site123.me/experience.html]
[5c8d6663e6d4d.site123.me/contact.html]
[5c8d6663e6d4d.site123.me/portfolio/crash-balls-crash-balls-hd.html]
[5c8d6663e6d4d.site123.me/portfolio/Эльба-elba-ios-client.html]
[5c8d6663e6d4d.site123.me/portfolio/fit-fuze.html]
[5c8d6663e6d4d.site123.me/site123.8.delayed]
[5c8d6663e6d4d.site123.me/index.html]
[5c8d6663e6d4d.site123.me/about-me.html]
[5c8d6663e6d4d.site123.me/portfolio.html]
[5c8d6663e6d4d.site123.me/experience.html]
[5c8d6663e6d4d.site123.me/contact.html]
[5c8d6663e6d4d.site123.me/portfolio/tag/app-store.html]
[5c8d6663e6d4d.site123.me/portfolio/tag/first-steps.html]
[5c8d6663e6d4d.site123.me/versions/2/wizard/comments/showCommentsb5fc.html]
[5c8d6663e6d4d.site123.me/portfolio/site123.c.delayed]
[5c8d6663e6d4d.site123.me/portfolio/crash-balls-crash-balls-hd.html]
[5c8d6663e6d4d.site123.me/portfolio/tag/finances.html]
[5c8d6663e6d4d.site123.me/versions/2/wizard/comments/showComments0e5d.html]
[5c8d6663e6d4d.site123.me/portfolio/Эльба-elba-ios-client.html]
[5c8d6663e6d4d.site123.me/portfolio/tag/fitness.html]
[5c8d6663e6d4d.site123.me/portfolio/tag/development.html]
[5c8d6663e6d4d.site123.me/portfolio/tag/pet-project.html]
[5c8d6663e6d4d.site123.me/versions/2/wizard/comments/showComments9cae.html]
[5c8d6663e6d4d.site123.me/portfolio/fit-fuze.html]
[5c8d6663e6d4d.site123.me/site123.html]
[5c8d6663e6d4d.site123.me/portfolio/tag/site123.html]
[5c8d6663e6d4d.site123.me/portfolio/tag/app-store.html]
[5c8d6663e6d4d.site123.me/portfolio/tag/first-steps.html]
[5c8d6663e6d4d.site123.me/versions/2/wizard/comments/showCommentsb5fc.html]
[5c8d6663e6d4d.site123.me/portfolio/site123.html]
[5c8d6663e6d4d.site123.me/portfolio/tag/finances.html]
[5c8d6663e6d4d.site123.me/versions/2/wizard/comments/showComments0e5d.html]
[5c8d6663e6d4d.site123.me/portfolio/tag/fitness.html]
[5c8d6663e6d4d.site123.me/portfolio/tag/development.html]
[5c8d6663e6d4d.site123.me/portfolio/tag/pet-project.html]
[5c8d6663e6d4d.site123.me/versions/2/wizard/comments/showComments9cae.html]
[5c8d6663e6d4d.site123.me/portfolio/tag/site123.html]
